[201550:201615:0107/110822.866481:ERROR:google_apis/gcm/engine/registration_request.cc:291] Registration response error message: PHONE_REGISTRATION_ERROR
[201550:201615:0107/110822.872623:ERROR:google_apis/gcm/engine/registration_request.cc:291] Registration response error message: PHONE_REGISTRATION_ERROR
[201550:201615:0107/110822.937337:ERROR:google_apis/gcm/engine/mcs_client.cc:700]   Error code: 401  Error message: Authentication Failed: wrong_secret
[201550:201615:0107/110822.937367:ERROR:google_apis/gcm/engine/mcs_client.cc:702] Failed to log in to GCM, resetting connection.
WARNING: All log messages before absl::InitializeLog() is called are written to STDERR
I0000 00:00:1767776905.074943  201610 voice_transcription.cc:58] Registering VoiceTranscriptionCapability
Created TensorFlow Lite XNNPACK delegate for CPU.
Attempting to use a delegate that only supports static-sized tensors with a graph that has dynamic-sized tensors (tensor#-1 is a dynamic-sized tensor).
WARNING: All log messages before absl::InitializeLog() is called are written to STDERR
I0000 00:00:1767777415.545396  211288 voice_transcription.cc:58] Registering VoiceTranscriptionCapability
Created TensorFlow Lite XNNPACK delegate for CPU.
Attempting to use a delegate that only supports static-sized tensors with a graph that has dynamic-sized tensors (tensor#-1 is a dynamic-sized tensor).
[211229:211291:0107/111655.749527:ERROR:google_apis/gcm/engine/registration_request.cc:291] Registration response error message: QUOTA_EXCEEDED
WARNING: All log messages before absl::InitializeLog() is called are written to STDERR
I0000 00:00:1767777508.648000  213259 voice_transcription.cc:58] Registering VoiceTranscriptionCapability
Created TensorFlow Lite XNNPACK delegate for CPU.
Attempting to use a delegate that only supports static-sized tensors with a graph that has dynamic-sized tensors (tensor#-1 is a dynamic-sized tensor).
[213208:213264:0107/111828.816105:ERROR:google_apis/gcm/engine/registration_request.cc:291] Registration response error message: DEPRECATED_ENDPOINT
[105449:105505:0107/135936.047687:ERROR:google_apis/gcm/engine/registration_request.cc:291] Registration response error message: PHONE_REGISTRATION_ERROR
[105449:105505:0107/135936.050506:ERROR:google_apis/gcm/engine/registration_request.cc:291] Registration response error message: PHONE_REGISTRATION_ERROR
WARNING: All log messages before absl::InitializeLog() is called are written to STDERR
I0000 00:00:1767787177.827255  105500 voice_transcription.cc:58] Registering VoiceTranscriptionCapability
Created TensorFlow Lite XNNPACK delegate for CPU.
Attempting to use a delegate that only supports static-sized tensors with a graph that has dynamic-sized tensors (tensor#-1 is a dynamic-sized tensor).
[105449:105505:0107/135958.233113:ERROR:google_apis/gcm/engine/registration_request.cc:291] Registration response error message: DEPRECATED_ENDPOINT
[105449:105505:0107/140055.410833:ERROR:google_apis/gcm/engine/registration_request.cc:291] Registration response error message: DEPRECATED_ENDPOINT
